📊 Total records: 8203
🎯 Records with codes: 810

[1/810] https://whop.com/ayecon-lifetime-membership?a=alexburnett21
  Original code: promo-022d1f18
✅ accept promo-022d1f18 @ https://whop.com/ayecon-monthly-mentorship/ayecon-lifetime-membership/ (route=ayecon-monthly-mentorship) [10%, amountOff=0.1]
✅ accept promo-022d1f18 @ https://whop.com/ayecon-monthly-mentorship/ayecon-lifetime-membership/ (route=ayecon-monthly-mentorship) [10%, amountOff=0.1]
❌ reject promo-022d1f18 from https://whop.com/api/graphql/MessagesFetchDmsChannels/ (route=ayecon-monthly-mentorship)
❌ reject promo-7dbfeb18 from https://whop.com/api/graphql/MessagesFetchDmsChannels/ (route=ayecon-monthly-mentorship)
❌ reject promo-1ead8ef6 from https://whop.com/api/graphql/MessagesFetchDmsChannels/ (route=ayecon-monthly-mentorship)
❌ reject promo-784ede4b from https://whop.com/api/graphql/MessagesFetchDmsChannels/ (route=ayecon-monthly-mentorship)
  ✅ Discount found: 10%, amountOff=0.1

[2/810] https://whop.com/ayecon-monthly-mentorship/?a=alexburnett21
  Original code: promo-022d1f18
❌ reject promo-022d1f18 from https://whop.com/api/graphql/MessagesFetchDmsChannels/ (route=ayecon-monthly-mentorship)
❌ reject promo-7dbfeb18 from https://whop.com/api/graphql/MessagesFetchDmsChannels/ (route=ayecon-monthly-mentorship)
❌ reject promo-1ead8ef6 from https://whop.com/api/graphql/MessagesFetchDmsChannels/ (route=ayecon-monthly-mentorship)
❌ reject promo-784ede4b from https://whop.com/api/graphql/MessagesFetchDmsChannels/ (route=ayecon-monthly-mentorship)
  ℹ️  No discount data found

[3/810] https://whop.com/mogul-stock-class/?a=alexburnett21
  Original code: promo-336b4acd
❌ reject promo-022d1f18 from https://whop.com/api/graphql/MessagesFetchDmsChannels/ (route=mogul-stock-class)
❌ reject promo-7dbfeb18 from https://whop.com/api/graphql/MessagesFetchDmsChannels/ (route=mogul-stock-class)
❌ reject promo-1ead8ef6 from https://whop.com/api/graphql/MessagesFetchDmsChannels/ (route=mogul-stock-class)
❌ reject promo-784ede4b from https://whop.com/api/graphql/MessagesFetchDmsChannels/ (route=mogul-stock-class)
❌ reject promo-022d1f18 from https://whop.com/api/graphql/MessagesFetchDmsChannels/ (route=mogul-stock-class)
❌ reject promo-7dbfeb18 from https://whop.com/api/graphql/MessagesFetchDmsChannels/ (route=mogul-stock-class)
❌ reject promo-1ead8ef6 from https://whop.com/api/graphql/MessagesFetchDmsChannels/ (route=mogul-stock-class)
❌ reject promo-784ede4b from https://whop.com/api/graphql/MessagesFetchDmsChannels/ (route=mogul-stock-class)
  ℹ️  No discount data found

[4/810] https://whop.com/dodgys-dungeon/?a=alexburnett21
  Original code: promo-565022f7
❌ reject promo-022d1f18 from https://whop.com/api/graphql/MessagesFetchDmsChannels/ (route=dodgys-dungeon)
❌ reject promo-7dbfeb18 from https://whop.com/api/graphql/MessagesFetchDmsChannels/ (route=dodgys-dungeon)
❌ reject promo-1ead8ef6 from https://whop.com/api/graphql/MessagesFetchDmsChannels/ (route=dodgys-dungeon)
❌ reject promo-784ede4b from https://whop.com/api/graphql/MessagesFetchDmsChannels/ (route=dodgys-dungeon)
  ℹ️  No discount data found

[5/810] https://whop.com/goat-sports-betting/?a=alexburnett21
  Original code: promo-3352bb19
❌ reject promo-022d1f18 from https://whop.com/api/graphql/MessagesFetchDmsChannels/ (route=goat-sports-betting)
❌ reject promo-7dbfeb18 from https://whop.com/api/graphql/MessagesFetchDmsChannels/ (route=goat-sports-betting)
❌ reject promo-1ead8ef6 from https://whop.com/api/graphql/MessagesFetchDmsChannels/ (route=goat-sports-betting)
❌ reject promo-784ede4b from https://whop.com/api/graphql/MessagesFetchDmsChannels/ (route=goat-sports-betting)
  ℹ️  No discount data found

[6/810] https://whop.com/goat-ecomgrowth/?a=alexburnett21
  Original code: promo-1b868367
❌ reject promo-022d1f18 from https://whop.com/api/graphql/MessagesFetchDmsChannels/ (route=goat-ecomgrowth)
❌ reject promo-7dbfeb18 from https://whop.com/api/graphql/MessagesFetchDmsChannels/ (route=goat-ecomgrowth)
❌ reject promo-1ead8ef6 from https://whop.com/api/graphql/MessagesFetchDmsChannels/ (route=goat-ecomgrowth)
❌ reject promo-784ede4b from https://whop.com/api/graphql/MessagesFetchDmsChannels/ (route=goat-ecomgrowth)
  ℹ️  No discount data found

[7/810] https://whop.com/exclusive-vip-access/?a=alexburnett21
  Original code: promo-b172ab61
✅ accept promo-b172ab61 @ https://whop.com/stocks-with-josh/exclusive-vip-access/ (route=stocks-with-josh) [10%, amountOff=0.1]
✅ accept promo-b172ab61 @ https://whop.com/stocks-with-josh/exclusive-vip-access/ (route=stocks-with-josh) [10%, amountOff=0.1]
❌ reject promo-022d1f18 from https://whop.com/api/graphql/MessagesFetchDmsChannels/ (route=stocks-with-josh)
❌ reject promo-7dbfeb18 from https://whop.com/api/graphql/MessagesFetchDmsChannels/ (route=stocks-with-josh)
❌ reject promo-1ead8ef6 from https://whop.com/api/graphql/MessagesFetchDmsChannels/ (route=stocks-with-josh)
❌ reject promo-784ede4b from https://whop.com/api/graphql/MessagesFetchDmsChannels/ (route=stocks-with-josh)
  ✅ Discount found: 10%, amountOff=0.1

[8/810] https://whop.com/larrys-lounge/?a=alexburnett21
  Original code: promo-bf9ef1cc
❌ reject promo-022d1f18 from https://whop.com/api/graphql/MessagesFetchDmsChannels/ (route=larrys-lounge)
❌ reject promo-7dbfeb18 from https://whop.com/api/graphql/MessagesFetchDmsChannels/ (route=larrys-lounge)
❌ reject promo-1ead8ef6 from https://whop.com/api/graphql/MessagesFetchDmsChannels/ (route=larrys-lounge)
❌ reject promo-784ede4b from https://whop.com/api/graphql/MessagesFetchDmsChannels/ (route=larrys-lounge)
  ℹ️  No discount data found

[9/810] https://whop.com/moementum?a=alexburnett21
  Original code: promo-23ab3618
✅ accept promo-23ab3618 @ https://whop.com/7dayblueprint/moementum/ (route=7dayblueprint) [10%, amountOff=0.1]
❌ reject promo-022d1f18 from https://whop.com/api/graphql/MessagesFetchDmsChannels/ (route=7dayblueprint)
❌ reject promo-7dbfeb18 from https://whop.com/api/graphql/MessagesFetchDmsChannels/ (route=7dayblueprint)
❌ reject promo-1ead8ef6 from https://whop.com/api/graphql/MessagesFetchDmsChannels/ (route=7dayblueprint)
❌ reject promo-784ede4b from https://whop.com/api/graphql/MessagesFetchDmsChannels/ (route=7dayblueprint)
✅ accept promo-23ab3618 @ https://whop.com/7dayblueprint/moementum/ (route=7dayblueprint) [10%, amountOff=0.1]
❌ reject promo-022d1f18 from https://whop.com/api/graphql/MessagesFetchDmsChannels/ (route=7dayblueprint)
❌ reject promo-7dbfeb18 from https://whop.com/api/graphql/MessagesFetchDmsChannels/ (route=7dayblueprint)
❌ reject promo-1ead8ef6 from https://whop.com/api/graphql/MessagesFetchDmsChannels/ (route=7dayblueprint)
❌ reject promo-784ede4b from https://whop.com/api/graphql/MessagesFetchDmsChannels/ (route=7dayblueprint)
  ✅ Discount found: 10%, amountOff=0.1

[10/810] https://whop.com/joinmomentum/?a=alexburnett21
  Original code: promo-1a92969c
❌ reject promo-022d1f18 from https://whop.com/api/graphql/MessagesFetchDmsChannels/ (route=joinmomentum)
❌ reject promo-7dbfeb18 from https://whop.com/api/graphql/MessagesFetchDmsChannels/ (route=joinmomentum)
❌ reject promo-1ead8ef6 from https://whop.com/api/graphql/MessagesFetchDmsChannels/ (route=joinmomentum)
❌ reject promo-784ede4b from https://whop.com/api/graphql/MessagesFetchDmsChannels/ (route=joinmomentum)
❌ reject promo-022d1f18 from https://whop.com/api/graphql/MessagesFetchDmsChannels/ (route=joinmomentum)
❌ reject promo-7dbfeb18 from https://whop.com/api/graphql/MessagesFetchDmsChannels/ (route=joinmomentum)
❌ reject promo-1ead8ef6 from https://whop.com/api/graphql/MessagesFetchDmsChannels/ (route=joinmomentum)
❌ reject promo-784ede4b from https://whop.com/api/graphql/MessagesFetchDmsChannels/ (route=joinmomentum)
  ℹ️  No discount data found

[11/810] https://whop.com/tms-options/?a=alexburnett21
  Original code: promo-327db8fc
❌ reject promo-022d1f18 from https://whop.com/api/graphql/MessagesFetchDmsChannels/ (route=tms-options)
❌ reject promo-7dbfeb18 from https://whop.com/api/graphql/MessagesFetchDmsChannels/ (route=tms-options)
❌ reject promo-1ead8ef6 from https://whop.com/api/graphql/MessagesFetchDmsChannels/ (route=tms-options)
❌ reject promo-784ede4b from https://whop.com/api/graphql/MessagesFetchDmsChannels/ (route=tms-options)
  ℹ️  No discount data found

[12/810] https://whop.com/scarface-trades/?a=alexburnett21
  Original code: promo-01fe6235
❌ reject promo-022d1f18 from https://whop.com/api/graphql/MessagesFetchDmsChannels/ (route=scarface-trades)
❌ reject promo-7dbfeb18 from https://whop.com/api/graphql/MessagesFetchDmsChannels/ (route=scarface-trades)
❌ reject promo-1ead8ef6 from https://whop.com/api/graphql/MessagesFetchDmsChannels/ (route=scarface-trades)
❌ reject promo-784ede4b from https://whop.com/api/graphql/MessagesFetchDmsChannels/ (route=scarface-trades)
  ℹ️  No discount data found

[13/810] https://whop.com/tradewithinsight/?a=alexburnett21
  Original code: promo-624c9ea4
❌ reject promo-022d1f18 from https://whop.com/api/graphql/MessagesFetchDmsChannels/ (route=tradewithinsight)
❌ reject promo-7dbfeb18 from https://whop.com/api/graphql/MessagesFetchDmsChannels/ (route=tradewithinsight)
❌ reject promo-1ead8ef6 from https://whop.com/api/graphql/MessagesFetchDmsChannels/ (route=tradewithinsight)
❌ reject promo-784ede4b from https://whop.com/api/graphql/MessagesFetchDmsChannels/ (route=tradewithinsight)
  ℹ️  No discount data found

[14/810] https://whop.com/zwm-gold/?a=alexburnett21
  Original code: promo-73841533
❌ reject promo-022d1f18 from https://whop.com/api/graphql/MessagesFetchDmsChannels/ (route=zwm-gold)
❌ reject promo-7dbfeb18 from https://whop.com/api/graphql/MessagesFetchDmsChannels/ (route=zwm-gold)
❌ reject promo-1ead8ef6 from https://whop.com/api/graphql/MessagesFetchDmsChannels/ (route=zwm-gold)
❌ reject promo-784ede4b from https://whop.com/api/graphql/MessagesFetchDmsChannels/ (route=zwm-gold)
  ℹ️  No discount data found

[15/810] https://whop.com/lifetime-access-e2?a=alexburnett21
  Original code: promo-4e6d572f
✅ accept promo-4e6d572f @ https://whop.com/zwm-gold/lifetime-access-e2/ (route=zwm-gold) [40%, amountOff=0.4]
✅ accept promo-4e6d572f @ https://whop.com/zwm-gold/lifetime-access-e2/ (route=zwm-gold) [40%, amountOff=0.4]
❌ reject promo-022d1f18 from https://whop.com/api/graphql/MessagesFetchDmsChannels/ (route=zwm-gold)
❌ reject promo-7dbfeb18 from https://whop.com/api/graphql/MessagesFetchDmsChannels/ (route=zwm-gold)
❌ reject promo-1ead8ef6 from https://whop.com/api/graphql/MessagesFetchDmsChannels/ (route=zwm-gold)
❌ reject promo-784ede4b from https://whop.com/api/graphql/MessagesFetchDmsChannels/ (route=zwm-gold)
  ✅ Discount found: 40%, amountOff=0.4

[16/810] https://whop.com/dodgy-s-ultimate-trading-course-ad/?a=alexburnett21
  Original code: promo-fbf309e1
✅ accept promo-fbf309e1 @ https://whop.com/dodgys-dungeon/dodgy-s-ultimate-trading-course-ad/ (route=dodgys-dungeon) [15%, amountOff=0.15]
✅ accept promo-fbf309e1 @ https://whop.com/dodgys-dungeon/dodgy-s-ultimate-trading-course-ad/ (route=dodgys-dungeon) [15%, amountOff=0.15]
❌ reject promo-022d1f18 from https://whop.com/api/graphql/MessagesFetchDmsChannels/ (route=dodgys-dungeon)
❌ reject promo-7dbfeb18 from https://whop.com/api/graphql/MessagesFetchDmsChannels/ (route=dodgys-dungeon)
❌ reject promo-1ead8ef6 from https://whop.com/api/graphql/MessagesFetchDmsChannels/ (route=dodgys-dungeon)
❌ reject promo-784ede4b from https://whop.com/api/graphql/MessagesFetchDmsChannels/ (route=dodgys-dungeon)
  ✅ Discount found: 15%, amountOff=0.15

[17/810] https://whop.com/flipalert/?a=alexburnett21
  Original code: promo-430abb41
❌ reject promo-022d1f18 from https://whop.com/api/graphql/MessagesFetchDmsChannels/ (route=flipalert)
❌ reject promo-7dbfeb18 from https://whop.com/api/graphql/MessagesFetchDmsChannels/ (route=flipalert)
❌ reject promo-1ead8ef6 from https://whop.com/api/graphql/MessagesFetchDmsChannels/ (route=flipalert)
❌ reject promo-784ede4b from https://whop.com/api/graphql/MessagesFetchDmsChannels/ (route=flipalert)
  ℹ️  No discount data found

[18/810] https://whop.com/the-yard/?a=alexburnett21
  Original code: promo-784ede4b
❌ reject promo-022d1f18 from https://whop.com/api/graphql/MessagesFetchDmsChannels/ (route=the-yard)
❌ reject promo-7dbfeb18 from https://whop.com/api/graphql/MessagesFetchDmsChannels/ (route=the-yard)
❌ reject promo-1ead8ef6 from https://whop.com/api/graphql/MessagesFetchDmsChannels/ (route=the-yard)
❌ reject promo-784ede4b from https://whop.com/api/graphql/MessagesFetchDmsChannels/ (route=the-yard)
  ℹ️  No discount data found

[19/810] https://whop.com/jdubtrades/?a=alexburnett21
  Original code: promo-1ead8ef6
❌ reject promo-022d1f18 from https://whop.com/api/graphql/MessagesFetchDmsChannels/ (route=jdubtrades)
❌ reject promo-7dbfeb18 from https://whop.com/api/graphql/MessagesFetchDmsChannels/ (route=jdubtrades)
❌ reject promo-1ead8ef6 from https://whop.com/api/graphql/MessagesFetchDmsChannels/ (route=jdubtrades)
❌ reject promo-784ede4b from https://whop.com/api/graphql/MessagesFetchDmsChannels/ (route=jdubtrades)
  ❌ Error: page.waitForTimeout: Target page, context or browser has been closed
node:internal/process/promises:394
    triggerUncaughtException(err, true /* fromPromise */);
    ^

browserContext.newPage: Target page, context or browser has been closed
    at /Users/alexburnett/WHP Codes, redeem all popuppromocodes/whp-codes/src/update_discounts.js:50:32

Node.js v22.17.0
